[2017-05-22 00:30:09] Alaska.INFO: Matched route "{route}". {"route":"home","route_parameters":{"_controller":"Alaska\\Controller\\HomeController::indexAction","_route":"home"},"request_uri":"http://localhost/Alaska/web/","method":"GET"} []
[2017-05-22 00:30:09] Alaska.INFO: Populated the TokenStorage with an anonymous Token. [] []
[2017-05-22 00:35:07] Alaska.INFO: Matched route "{route}". {"route":"error","route_parameters":{"_controller":"Alaska\\Controller\\HomeController::errorAction","_route":"error"},"request_uri":"http://localhost/Alaska/web/error","method":"GET"} []
[2017-05-22 00:35:07] Alaska.INFO: Populated the TokenStorage with an anonymous Token. [] []
[2017-05-22 00:35:07] Alaska.CRITICAL: Twig_Error_Runtime: Variable "message" does not exist in "error.html.twig" at line 11. (uncaught exception) at C:\wamp\www\Alaska\vendor\twig\twig\lib\Twig\Template.php line 483 {"exception":"[object] (Twig_Error_Runtime(code: 0): Variable \"message\" does not exist in \"error.html.twig\" at line 11. at C:\\wamp\\www\\Alaska\\vendor\\twig\\twig\\lib\\Twig\\Template.php:483)"} []
[2017-05-22 00:36:24] Alaska.INFO: Matched route "{route}". {"route":"home","route_parameters":{"_controller":"Alaska\\Controller\\HomeController::indexAction","_route":"home"},"request_uri":"http://localhost/Alaska/web/","method":"GET"} []
[2017-05-22 00:36:24] Alaska.INFO: Populated the TokenStorage with an anonymous Token. [] []
[2017-05-22 00:36:26] Alaska.INFO: Matched route "{route}". {"route":"billet","route_parameters":{"_controller":"Alaska\\Controller\\HomeController::billetAction","id":"4","_route":"billet"},"request_uri":"http://localhost/Alaska/web/billet/4","method":"GET"} []
[2017-05-22 00:36:26] Alaska.INFO: Populated the TokenStorage with an anonymous Token. [] []
[2017-05-22 00:37:48] Alaska.INFO: Matched route "{route}". {"route":"home","route_parameters":{"_controller":"Alaska\\Controller\\HomeController::indexAction","_route":"home"},"request_uri":"http://localhost/","method":"GET"} []
[2017-05-22 00:37:48] Alaska.INFO: Populated the TokenStorage with an anonymous Token. [] []
[2017-05-22 00:37:48] Alaska.INFO: Matched route "{route}". {"route":"billet","route_parameters":{"_controller":"Alaska\\Controller\\HomeController::billetAction","id":"1","_route":"billet"},"request_uri":"http://localhost/billet/1","method":"GET"} []
[2017-05-22 00:37:48] Alaska.INFO: Populated the TokenStorage with an anonymous Token. [] []
[2017-05-22 00:37:48] Alaska.INFO: Matched route "{route}". {"route":"login","route_parameters":{"_controller":"Alaska\\Controller\\HomeController::loginAction","_route":"login"},"request_uri":"http://localhost/login","method":"GET"} []
[2017-05-22 00:37:48] Alaska.INFO: Populated the TokenStorage with an anonymous Token. [] []
[2017-05-22 00:37:48] Alaska.INFO: Matched route "{route}". {"route":"about","route_parameters":{"_controller":"Alaska\\Controller\\HomeController::navAction","_route":"about"},"request_uri":"http://localhost/about/","method":"GET"} []
[2017-05-22 00:37:48] Alaska.INFO: Populated the TokenStorage with an anonymous Token. [] []
[2017-05-22 00:37:48] Alaska.INFO: Matched route "{route}". {"route":"admin","route_parameters":{"_controller":"Alaska\\Controller\\AdminController::indexAction","_route":"admin"},"request_uri":"http://localhost/admin","method":"GET"} []
[2017-05-22 00:37:48] Alaska.INFO: Populated the TokenStorage with an anonymous Token. [] []
[2017-05-22 00:37:48] Alaska.INFO: Matched route "{route}". {"route":"admin_billet_add","route_parameters":{"_controller":"Alaska\\Controller\\AdminController::addBilletAction","_route":"admin_billet_add"},"request_uri":"http://localhost/admin/billet/add","method":"GET"} []
[2017-05-22 00:37:48] Alaska.INFO: Populated the TokenStorage with an anonymous Token. [] []
[2017-05-22 00:37:48] Alaska.INFO: Matched route "{route}". {"route":"admin_billet_edit","route_parameters":{"_controller":"Alaska\\Controller\\AdminController::editBilletAction","id":"1","_route":"admin_billet_edit"},"request_uri":"http://localhost/admin/billet/1/edit","method":"GET"} []
[2017-05-22 00:37:48] Alaska.INFO: Populated the TokenStorage with an anonymous Token. [] []
[2017-05-22 00:37:48] Alaska.INFO: Matched route "{route}". {"route":"admin_comment_edit","route_parameters":{"_controller":"Alaska\\Controller\\AdminController::editCommentAction","id":"1","_route":"admin_comment_edit"},"request_uri":"http://localhost/admin/comment/1/edit","method":"GET"} []
[2017-05-22 00:37:48] Alaska.INFO: Populated the TokenStorage with an anonymous Token. [] []
[2017-05-22 00:37:48] Alaska.INFO: Matched route "{route}". {"route":"admin_user_add","route_parameters":{"_controller":"Alaska\\Controller\\AdminController::addUserAction","_route":"admin_user_add"},"request_uri":"http://localhost/admin/user/add","method":"GET"} []
[2017-05-22 00:37:48] Alaska.INFO: Populated the TokenStorage with an anonymous Token. [] []
[2017-05-22 00:37:49] Alaska.INFO: Matched route "{route}". {"route":"admin_user_edit","route_parameters":{"_controller":"Alaska\\Controller\\AdminController::editUserAction","id":"1","_route":"admin_user_edit"},"request_uri":"http://localhost/admin/user/1/edit","method":"GET"} []
[2017-05-22 00:37:49] Alaska.INFO: Populated the TokenStorage with an anonymous Token. [] []
[2017-05-22 02:25:45] Alaska.INFO: Matched route "{route}". {"route":"home","route_parameters":{"_controller":"Alaska\\Controller\\HomeController::indexAction","_route":"home"},"request_uri":"http://localhost/","method":"GET"} []
[2017-05-22 02:25:45] Alaska.INFO: Populated the TokenStorage with an anonymous Token. [] []
[2017-05-22 02:25:45] Alaska.INFO: Matched route "{route}". {"route":"billet","route_parameters":{"_controller":"Alaska\\Controller\\HomeController::billetAction","id":"1","_route":"billet"},"request_uri":"http://localhost/billet/1","method":"GET"} []
[2017-05-22 02:25:45] Alaska.INFO: Populated the TokenStorage with an anonymous Token. [] []
[2017-05-22 02:25:45] Alaska.INFO: Matched route "{route}". {"route":"login","route_parameters":{"_controller":"Alaska\\Controller\\HomeController::loginAction","_route":"login"},"request_uri":"http://localhost/login","method":"GET"} []
[2017-05-22 02:25:45] Alaska.INFO: Populated the TokenStorage with an anonymous Token. [] []
[2017-05-22 02:25:45] Alaska.INFO: Matched route "{route}". {"route":"about","route_parameters":{"_controller":"Alaska\\Controller\\HomeController::navAction","_route":"about"},"request_uri":"http://localhost/about/","method":"GET"} []
[2017-05-22 02:25:45] Alaska.INFO: Populated the TokenStorage with an anonymous Token. [] []
[2017-05-22 02:25:45] Alaska.INFO: Matched route "{route}". {"route":"admin","route_parameters":{"_controller":"Alaska\\Controller\\AdminController::indexAction","_route":"admin"},"request_uri":"http://localhost/admin","method":"GET"} []
[2017-05-22 02:25:45] Alaska.INFO: Populated the TokenStorage with an anonymous Token. [] []
[2017-05-22 02:25:45] Alaska.INFO: Matched route "{route}". {"route":"admin_billet_add","route_parameters":{"_controller":"Alaska\\Controller\\AdminController::addBilletAction","_route":"admin_billet_add"},"request_uri":"http://localhost/admin/billet/add","method":"GET"} []
[2017-05-22 02:25:45] Alaska.INFO: Populated the TokenStorage with an anonymous Token. [] []
[2017-05-22 02:25:45] Alaska.INFO: Matched route "{route}". {"route":"admin_billet_edit","route_parameters":{"_controller":"Alaska\\Controller\\AdminController::editBilletAction","id":"1","_route":"admin_billet_edit"},"request_uri":"http://localhost/admin/billet/1/edit","method":"GET"} []
[2017-05-22 02:25:45] Alaska.INFO: Populated the TokenStorage with an anonymous Token. [] []
[2017-05-22 02:25:45] Alaska.INFO: Matched route "{route}". {"route":"admin_comment_edit","route_parameters":{"_controller":"Alaska\\Controller\\AdminController::editCommentAction","id":"1","_route":"admin_comment_edit"},"request_uri":"http://localhost/admin/comment/1/edit","method":"GET"} []
[2017-05-22 02:25:45] Alaska.INFO: Populated the TokenStorage with an anonymous Token. [] []
[2017-05-22 02:25:45] Alaska.INFO: Matched route "{route}". {"route":"admin_user_add","route_parameters":{"_controller":"Alaska\\Controller\\AdminController::addUserAction","_route":"admin_user_add"},"request_uri":"http://localhost/admin/user/add","method":"GET"} []
[2017-05-22 02:25:45] Alaska.INFO: Populated the TokenStorage with an anonymous Token. [] []
[2017-05-22 02:25:45] Alaska.INFO: Matched route "{route}". {"route":"admin_user_edit","route_parameters":{"_controller":"Alaska\\Controller\\AdminController::editUserAction","id":"1","_route":"admin_user_edit"},"request_uri":"http://localhost/admin/user/1/edit","method":"GET"} []
[2017-05-22 02:25:45] Alaska.INFO: Populated the TokenStorage with an anonymous Token. [] []
